[debug] [2018-01-19T13:32:22.311Z] ----------------------------------------------------------------------
[debug] [2018-01-19T13:32:22.326Z] Command:       C:\Program Files\nodejs\node.exe C:\Program Files\nodejs\node_modules\firebase-tools\bin\firebase serve --only hosting,functions
[debug] [2018-01-19T13:32:22.326Z] CLI Version:   3.17.1
[debug] [2018-01-19T13:32:22.326Z] Platform:      win32
[debug] [2018-01-19T13:32:22.326Z] Node Version:  v6.11.5
[debug] [2018-01-19T13:32:22.326Z] Time:          Fri Jan 19 2018 15:32:22 GMT+0200 (שעון רגיל ירושלים)
[debug] [2018-01-19T13:32:22.326Z] ----------------------------------------------------------------------
[debug] 
[debug] [2018-01-19T13:32:22.550Z] > command requires scopes: ["email","openid","https://www.googleapis.com/auth/cloudplatformprojects.readonly","https://www.googleapis.com/auth/firebase","https://www.googleapis.com/auth/cloud-platform"]
[debug] [2018-01-19T13:32:22.551Z] > authorizing via signed-in user
[debug] [2018-01-19T13:32:22.556Z] > refreshing access token with scopes: ["email","https://www.googleapis.com/auth/cloud-platform","https://www.googleapis.com/auth/cloudplatformprojects.readonly","https://www.googleapis.com/auth/firebase","openid"]
[debug] [2018-01-19T13:32:22.557Z] >>> HTTP REQUEST POST https://www.googleapis.com/oauth2/v3/token  
 { refresh_token: '1/UluXOPtiuQx9d7nEwPqTyLNkfOSlpT6jujmaIDH9OX4',
  client_id: '563584335869-fgrhgmd47bqnekij5i8b5pr03ho849e6.apps.googleusercontent.com',
  client_secret: 'j9iVZfS8kkCEFUPaAeJV0sAi',
  grant_type: 'refresh_token',
  scope: 'email https://www.googleapis.com/auth/cloud-platform https://www.googleapis.com/auth/cloudplatformprojects.readonly https://www.googleapis.com/auth/firebase openid' } 
 Fri Jan 19 2018 15:32:22 GMT+0200 (שעון רגיל ירושלים)
[debug] [2018-01-19T13:32:24.966Z] <<< HTTP RESPONSE 200
[debug] [2018-01-19T13:32:25.445Z] >>> HTTP REQUEST GET https://admin.firebase.com/v1/projects/k-m-system  
  
 Fri Jan 19 2018 15:32:25 GMT+0200 (שעון רגיל ירושלים)
[debug] [2018-01-19T13:32:27.542Z] <<< HTTP RESPONSE 200
[debug] [2018-01-19T13:32:27.542Z] >>> HTTP REQUEST GET https://admin.firebase.com/v1/database/k-m-system/tokens  
  
 Fri Jan 19 2018 15:32:27 GMT+0200 (שעון רגיל ירושלים)
[debug] [2018-01-19T13:32:28.795Z] <<< HTTP RESPONSE 200
[info] 
[info] === Serving from 'C:\Users\shuki1\node\isomorphic-react'...
[info] 
[info] i  functions: Preparing to emulate functions.
[debug] [2018-01-19T13:33:31.346Z] Fetching environment
[debug] [2018-01-19T13:33:31.351Z] >>> HTTP REQUEST GET https://appengine.googleapis.com/v1/apps/k-m-system  
  
 Fri Jan 19 2018 15:33:31 GMT+0200 (שעון רגיל ירושלים)
[debug] [2018-01-19T13:33:31.354Z] >>> HTTP REQUEST GET https://apikeys.googleapis.com/v1/projects/k-m-system/apiKeys  
  
 Fri Jan 19 2018 15:33:31 GMT+0200 (שעון רגיל ירושלים)
[debug] [2018-01-19T13:33:31.355Z] >>> HTTP REQUEST GET https://cloudresourcemanager.googleapis.com/v1/projects/k-m-system  
  
 Fri Jan 19 2018 15:33:31 GMT+0200 (שעון רגיל ירושלים)
[debug] [2018-01-19T13:33:34.066Z] <<< HTTP RESPONSE 200
[debug] [2018-01-19T13:33:34.210Z] <<< HTTP RESPONSE 200
[debug] [2018-01-19T13:33:34.211Z] Starting @google-cloud/functions-emulator
[debug] [2018-01-19T13:33:34.747Z] <<< HTTP RESPONSE 200
[debug] [2018-01-19T13:33:34.748Z] >>> HTTP REQUEST GET https://mobilesdk-pa.googleapis.com/v1/projects/487981116258/clients/_:getWebAppConfig  
  
 Fri Jan 19 2018 15:33:34 GMT+0200 (שעון רגיל ירושלים)
[debug] [2018-01-19T13:33:39.632Z] <<< HTTP RESPONSE 200
[info] i  hosting: Serving hosting files from: public
[info] +  hosting: Local server: http://localhost:5000

[debug] [2018-01-19T13:33:51.601Z] Parsing function triggers
